<?xml version="1.0" encoding="UTF-8"?>
<testsuite name="Test.CategoryPageTest" tests="1" skipped="0" failures="0" errors="0" timestamp="2019-04-08T11:58:17" hostname="iqbal" time="54.585">
  <properties/>
  <testcase name="categoryPage_CP_01_userCanClickSortByButton" classname="Test.CategoryPageTest" time="54.585"/>
  <system-out><![CDATA[]]></system-out>
  <system-err><![CDATA[Apr 08, 2019 6:58:23 PM io.appium.java_client.remote.AppiumCommandExecutor$1 lambda$0
INFO: Detected dialect: W3C
]]></system-err>
</testsuite>
