<?xml version="1.0" encoding="UTF-8"?>
<testsuite name="Test.ListOfCategoriesPageTest" tests="1" skipped="0" failures="0" errors="0" timestamp="2019-04-08T11:59:12" hostname="iqbal" time="53.248">
  <properties/>
  <testcase name="listOfCategories_LOC_01_userCanChooseOneOfCategory" classname="Test.ListOfCategoriesPageTest" time="53.248"/>
  <system-out><![CDATA[]]></system-out>
  <system-err><![CDATA[Apr 08, 2019 6:59:18 PM io.appium.java_client.remote.AppiumCommandExecutor$1 lambda$0
INFO: Detected dialect: W3C
]]></system-err>
</testsuite>
