<?xml version="1.0" encoding="UTF-8"?>
<testsuite name="Test.StorePageTest" tests="1" skipped="0" failures="0" errors="0" timestamp="2019-04-08T11:48:47" hostname="iqbal" time="59.945">
  <properties/>
  <testcase name="storePage_SP_01_userClickOnCategoriesButton" classname="Test.StorePageTest" time="59.945"/>
  <system-out><![CDATA[]]></system-out>
  <system-err><![CDATA[Apr 08, 2019 6:49:05 PM io.appium.java_client.remote.AppiumCommandExecutor$1 lambda$0
INFO: Detected dialect: W3C
]]></system-err>
</testsuite>
